  [1m[35m (2.2ms)[0m  [1m[35mCREATE DATABASE `xxx8110io_development` DEFAULT CHARACTER SET `utf8mb4`[0m
  [1m[35m (0.4ms)[0m  [1m[35mCREATE DATABASE `xxx8110io_test` DEFAULT CHARACTER SET `utf8mb4`[0m
  [1m[35m (229.8ms)[0m  [1m[35mCREATE TABLE `schema_migrations` (`version` varchar(255) NOT NULL PRIMARY KEY)[0m
  [1m[35m (30.5ms)[0m  [1m[35mCREATE TABLE `ar_internal_metadata` (`key` varchar(255) NOT NULL PRIMARY KEY, `value` varchar(255), `created_at` datetime(6) NOT NULL, `updated_at` datetime(6) NOT NULL)[0m
  [1m[35m (9.8ms)[0m  [1m[34mSELECT GET_LOCK('6917859122423275215', 0)[0m
  [1m[35m (4.0ms)[0m  [1m[34mSELECT `schema_migrations`.`version` FROM `schema_migrations` ORDER BY `schema_migrations`.`version` ASC[0m
Migrating to CreateStockData (20211006002650)
  [1m[35m (26.6ms)[0m  [1m[35mCREATE TABLE `stock_data` (`id` bigint NOT NULL AUTO_INCREMENT PRIMARY KEY, `company_name` varchar(255), `ticker_symbol` varchar(255), `country` varchar(255), `sector` varchar(255), `url` varchar(255), `created_at` datetime(6) NOT NULL, `updated_at` datetime(6) NOT NULL)[0m
  [1m[35m (0.7ms)[0m  [1m[35mBEGIN[0m
  [1m[36mActiveRecord::SchemaMigration Create (7.6ms)[0m  [1m[32mINSERT INTO `schema_migrations` (`version`) VALUES ('20211006002650')[0m
  [1m[35m (2.7ms)[0m  [1m[35mCOMMIT[0m
Migrating to CreateHoldings (20211006002702)
  [1m[35m (33.3ms)[0m  [1m[35mCREATE TABLE `holdings` (`id` bigint NOT NULL AUTO_INCREMENT PRIMARY KEY, `stock_id` bigint NOT NULL, `user_id` bigint NOT NULL, `quantity` float(24), `dividend_amount` float(24), `dividend_rate` float(24), `total_dividend_amount` float(24), `created_at` datetime(6) NOT NULL, `updated_at` datetime(6) NOT NULL,  INDEX `index_holdings_on_stock_id`  (`stock_id`),  INDEX `index_holdings_on_user_id`  (`user_id`), CONSTRAINT `fk_rails_1a40ae8eaa`
FOREIGN KEY (`stock_id`)
  REFERENCES `stocks` (`id`)
, CONSTRAINT `fk_rails_b5f25ff569`
FOREIGN KEY (`user_id`)
  REFERENCES `users` (`id`)
)[0m
  [1m[35m (1.3ms)[0m  [1m[34mSELECT RELEASE_LOCK('6917859122423275215')[0m
  [1m[35m (4.6ms)[0m  [1m[34mSELECT GET_LOCK('6917859122423275215', 0)[0m
  [1m[35m (2.5ms)[0m  [1m[34mSELECT `schema_migrations`.`version` FROM `schema_migrations` ORDER BY `schema_migrations`.`version` ASC[0m
Migrating to CreateHoldings (20211006002702)
  [1m[35m (65.5ms)[0m  [1m[35mCREATE TABLE `holdings` (`id` bigint NOT NULL AUTO_INCREMENT PRIMARY KEY, `stock_id` bigint NOT NULL, `user_id` bigint NOT NULL, `quantity` float(24), `dividend_amount` float(24), `dividend_rate` float(24), `total_dividend_amount` float(24), `created_at` datetime(6) NOT NULL, `updated_at` datetime(6) NOT NULL,  INDEX `index_holdings_on_stock_id`  (`stock_id`),  INDEX `index_holdings_on_user_id`  (`user_id`), CONSTRAINT `fk_rails_1a40ae8eaa`
FOREIGN KEY (`stock_id`)
  REFERENCES `stocks` (`id`)
, CONSTRAINT `fk_rails_b5f25ff569`
FOREIGN KEY (`user_id`)
  REFERENCES `users` (`id`)
)[0m
  [1m[35m (0.9ms)[0m  [1m[34mSELECT RELEASE_LOCK('6917859122423275215')[0m
  [1m[35m (6.7ms)[0m  [1m[35mCREATE DATABASE `xxx8110io_development` DEFAULT CHARACTER SET `utf8mb4`[0m
  [1m[35m (1.3ms)[0m  [1m[35mCREATE DATABASE `xxx8110io_test` DEFAULT CHARACTER SET `utf8mb4`[0m
  [1m[35m (24.9ms)[0m  [1m[35mCREATE TABLE `schema_migrations` (`version` varchar(255) NOT NULL PRIMARY KEY)[0m
  [1m[35m (10.0ms)[0m  [1m[35mCREATE TABLE `ar_internal_metadata` (`key` varchar(255) NOT NULL PRIMARY KEY, `value` varchar(255), `created_at` datetime(6) NOT NULL, `updated_at` datetime(6) NOT NULL)[0m
  [1m[35m (1.3ms)[0m  [1m[34mSELECT GET_LOCK('6917859122423275215', 0)[0m
  [1m[35m (2.7ms)[0m  [1m[34mSELECT `schema_migrations`.`version` FROM `schema_migrations` ORDER BY `schema_migrations`.`version` ASC[0m
Migrating to CreateStockData (20211006002650)
  [1m[35m (9.0ms)[0m  [1m[35mCREATE TABLE `stock_data` (`id` bigint NOT NULL AUTO_INCREMENT PRIMARY KEY, `company_name` varchar(255), `ticker_symbol` varchar(255), `country` varchar(255), `sector` varchar(255), `url` varchar(255), `created_at` datetime(6) NOT NULL, `updated_at` datetime(6) NOT NULL)[0m
  [1m[35m (0.3ms)[0m  [1m[35mBEGIN[0m
  [1m[36mActiveRecord::SchemaMigration Create (2.6ms)[0m  [1m[32mINSERT INTO `schema_migrations` (`version`) VALUES ('20211006002650')[0m
  [1m[35m (1.2ms)[0m  [1m[35mCOMMIT[0m
Migrating to CreateHoldings (20211006002702)
  [1m[35m (22.3ms)[0m  [1m[35mCREATE TABLE `holdings` (`id` bigint NOT NULL AUTO_INCREMENT PRIMARY KEY, `stock_id` bigint NOT NULL, `user_id` bigint NOT NULL, `quantity` float(24), `dividend_amount` float(24), `dividend_rate` float(24), `total_dividend_amount` float(24), `created_at` datetime(6) NOT NULL, `updated_at` datetime(6) NOT NULL,  INDEX `index_holdings_on_stock_id`  (`stock_id`),  INDEX `index_holdings_on_user_id`  (`user_id`), CONSTRAINT `fk_rails_1a40ae8eaa`
FOREIGN KEY (`stock_id`)
  REFERENCES `stocks` (`id`)
, CONSTRAINT `fk_rails_b5f25ff569`
FOREIGN KEY (`user_id`)
  REFERENCES `users` (`id`)
)[0m
  [1m[35m (0.9ms)[0m  [1m[34mSELECT RELEASE_LOCK('6917859122423275215')[0m
  [1m[35m (0.2ms)[0m  [1m[34mSELECT GET_LOCK('6917859122423275215', 0)[0m
  [1m[35m (0.6ms)[0m  [1m[34mSELECT `schema_migrations`.`version` FROM `schema_migrations` ORDER BY `schema_migrations`.`version` ASC[0m
Migrating to CreateHoldings (20211006002702)
  [1m[35m (13.0ms)[0m  [1m[35mCREATE TABLE `holdings` (`id` bigint NOT NULL AUTO_INCREMENT PRIMARY KEY, `stock_id` bigint NOT NULL, `user_id` bigint NOT NULL, `quantity` float(24), `dividend_amount` float(24), `dividend_rate` float(24), `total_dividend_amount` float(24), `created_at` datetime(6) NOT NULL, `updated_at` datetime(6) NOT NULL,  INDEX `index_holdings_on_stock_id`  (`stock_id`),  INDEX `index_holdings_on_user_id`  (`user_id`), CONSTRAINT `fk_rails_1a40ae8eaa`
FOREIGN KEY (`stock_id`)
  REFERENCES `stocks` (`id`)
, CONSTRAINT `fk_rails_b5f25ff569`
FOREIGN KEY (`user_id`)
  REFERENCES `users` (`id`)
)[0m
  [1m[35m (0.3ms)[0m  [1m[34mSELECT RELEASE_LOCK('6917859122423275215')[0m
  [1m[35m (2.1ms)[0m  [1m[35mCREATE DATABASE `xxx8110io_development` DEFAULT CHARACTER SET `utf8mb4`[0m
  [1m[35m (2.6ms)[0m  [1m[35mCREATE DATABASE `xxx8110io_test` DEFAULT CHARACTER SET `utf8mb4`[0m
  [1m[35m (27.5ms)[0m  [1m[35mCREATE TABLE `schema_migrations` (`version` varchar(255) NOT NULL PRIMARY KEY)[0m
  [1m[35m (8.8ms)[0m  [1m[35mCREATE TABLE `ar_internal_metadata` (`key` varchar(255) NOT NULL PRIMARY KEY, `value` varchar(255), `created_at` datetime(6) NOT NULL, `updated_at` datetime(6) NOT NULL)[0m
  [1m[35m (0.9ms)[0m  [1m[34mSELECT GET_LOCK('6917859122423275215', 0)[0m
  [1m[35m (2.8ms)[0m  [1m[34mSELECT `schema_migrations`.`version` FROM `schema_migrations` ORDER BY `schema_migrations`.`version` ASC[0m
Migrating to CreateStockData (20211006002650)
  [1m[35m (9.2ms)[0m  [1m[35mCREATE TABLE `stock_data` (`id` bigint NOT NULL AUTO_INCREMENT PRIMARY KEY, `company_name` varchar(255), `ticker_symbol` varchar(255), `country` varchar(255), `sector` varchar(255), `url` varchar(255), `created_at` datetime(6) NOT NULL, `updated_at` datetime(6) NOT NULL)[0m
  [1m[35m (0.3ms)[0m  [1m[35mBEGIN[0m
  [1m[36mActiveRecord::SchemaMigration Create (2.9ms)[0m  [1m[32mINSERT INTO `schema_migrations` (`version`) VALUES ('20211006002650')[0m
  [1m[35m (1.3ms)[0m  [1m[35mCOMMIT[0m
Migrating to CreateHoldings (20211006002702)
  [1m[35m (19.9ms)[0m  [1m[35mCREATE TABLE `holdings` (`id` bigint NOT NULL AUTO_INCREMENT PRIMARY KEY, `stock_id` bigint NOT NULL, `user_id` bigint NOT NULL, `quantity` float(24), `dividend_amount` float(24), `dividend_rate` float(24), `total_dividend_amount` float(24), `created_at` datetime(6) NOT NULL, `updated_at` datetime(6) NOT NULL,  INDEX `index_holdings_on_stock_id`  (`stock_id`),  INDEX `index_holdings_on_user_id`  (`user_id`), CONSTRAINT `fk_rails_1a40ae8eaa`
FOREIGN KEY (`stock_id`)
  REFERENCES `stocks` (`id`)
, CONSTRAINT `fk_rails_b5f25ff569`
FOREIGN KEY (`user_id`)
  REFERENCES `users` (`id`)
)[0m
  [1m[35m (0.5ms)[0m  [1m[34mSELECT RELEASE_LOCK('6917859122423275215')[0m
  [1m[35m (2.9ms)[0m  [1m[35mCREATE DATABASE `xxx8110io_development` DEFAULT CHARACTER SET `utf8mb4`[0m
  [1m[35m (0.6ms)[0m  [1m[35mCREATE DATABASE `xxx8110io_test` DEFAULT CHARACTER SET `utf8mb4`[0m
  [1m[35m (25.9ms)[0m  [1m[35mCREATE TABLE `schema_migrations` (`version` varchar(255) NOT NULL PRIMARY KEY)[0m
  [1m[35m (9.8ms)[0m  [1m[35mCREATE TABLE `ar_internal_metadata` (`key` varchar(255) NOT NULL PRIMARY KEY, `value` varchar(255), `created_at` datetime(6) NOT NULL, `updated_at` datetime(6) NOT NULL)[0m
  [1m[35m (0.8ms)[0m  [1m[34mSELECT GET_LOCK('6917859122423275215', 0)[0m
  [1m[35m (2.4ms)[0m  [1m[34mSELECT `schema_migrations`.`version` FROM `schema_migrations` ORDER BY `schema_migrations`.`version` ASC[0m
Migrating to CreateStockData (20211006002650)
  [1m[35m (33.5ms)[0m  [1m[35mCREATE TABLE `stock_data` (`id` bigint NOT NULL AUTO_INCREMENT PRIMARY KEY, `company_name` varchar(255), `ticker_symbol` varchar(255), `country` varchar(255), `sector` varchar(255), `url` varchar(255), `created_at` datetime(6) NOT NULL, `updated_at` datetime(6) NOT NULL)[0m
  [1m[35m (0.3ms)[0m  [1m[35mBEGIN[0m
  [1m[36mActiveRecord::SchemaMigration Create (2.9ms)[0m  [1m[32mINSERT INTO `schema_migrations` (`version`) VALUES ('20211006002650')[0m
  [1m[35m (5.7ms)[0m  [1m[35mCOMMIT[0m
Migrating to CreateHoldings (20211006002702)
  [1m[35m (49.7ms)[0m  [1m[35mCREATE TABLE `holdings` (`id` bigint NOT NULL AUTO_INCREMENT PRIMARY KEY, `stock_id` bigint NOT NULL, `user_id` bigint NOT NULL, `quantity` float(24), `dividend_amount` float(24), `dividend_rate` float(24), `total_dividend_amount` float(24), `created_at` datetime(6) NOT NULL, `updated_at` datetime(6) NOT NULL,  INDEX `index_holdings_on_stock_id`  (`stock_id`),  INDEX `index_holdings_on_user_id`  (`user_id`), CONSTRAINT `fk_rails_1a40ae8eaa`
FOREIGN KEY (`stock_id`)
  REFERENCES `stocks` (`id`)
, CONSTRAINT `fk_rails_b5f25ff569`
FOREIGN KEY (`user_id`)
  REFERENCES `users` (`id`)
)[0m
  [1m[35m (0.6ms)[0m  [1m[34mSELECT RELEASE_LOCK('6917859122423275215')[0m
  [1m[35m (0.4ms)[0m  [1m[34mSELECT GET_LOCK('6917859122423275215', 0)[0m
  [1m[35m (2.9ms)[0m  [1m[34mSELECT `schema_migrations`.`version` FROM `schema_migrations` ORDER BY `schema_migrations`.`version` ASC[0m
Migrating to CreateHoldings (20211006002702)
  [1m[35m (25.6ms)[0m  [1m[35mCREATE TABLE `holdings` (`id` bigint NOT NULL AUTO_INCREMENT PRIMARY KEY, `stock_id` bigint NOT NULL, `user_id` bigint NOT NULL, `quantity` float(24), `dividend_amount` float(24), `dividend_rate` float(24), `total_dividend_amount` float(24), `created_at` datetime(6) NOT NULL, `updated_at` datetime(6) NOT NULL,  INDEX `index_holdings_on_stock_id`  (`stock_id`),  INDEX `index_holdings_on_user_id`  (`user_id`), CONSTRAINT `fk_rails_1a40ae8eaa`
FOREIGN KEY (`stock_id`)
  REFERENCES `stocks` (`id`)
, CONSTRAINT `fk_rails_b5f25ff569`
FOREIGN KEY (`user_id`)
  REFERENCES `users` (`id`)
)[0m
  [1m[35m (0.4ms)[0m  [1m[34mSELECT RELEASE_LOCK('6917859122423275215')[0m
  [1m[35m (1.0ms)[0m  [1m[34mSELECT `schema_migrations`.`version` FROM `schema_migrations` ORDER BY `schema_migrations`.`version` ASC[0m
  [1m[35m (10.3ms)[0m  [1m[34mSELECT `ar_internal_metadata`.`value` FROM `ar_internal_metadata` WHERE `ar_internal_metadata`.`key` = 'environment'[0m
  [1m[35m (2.2ms)[0m  [1m[34mSELECT GET_LOCK('6917859122423275215', 0)[0m
  [1m[35m (1.8ms)[0m  [1m[34mSELECT `schema_migrations`.`version` FROM `schema_migrations` ORDER BY `schema_migrations`.`version` ASC[0m
Migrating to CreateHoldings (20211006002702)
  [1m[35m (75.9ms)[0m  [1m[35mCREATE TABLE `holdings` (`id` bigint NOT NULL AUTO_INCREMENT PRIMARY KEY, `quantity` float(24), `dividend_amount` float(24), `dividend_rate` float(24), `total_dividend_amount` float(24), `created_at` datetime(6) NOT NULL, `updated_at` datetime(6) NOT NULL)[0m
  [1m[35m (0.2ms)[0m  [1m[35mBEGIN[0m
  [1m[36mActiveRecord::SchemaMigration Create (5.5ms)[0m  [1m[32mINSERT INTO `schema_migrations` (`version`) VALUES ('20211006002702')[0m
  [1m[35m (2.1ms)[0m  [1m[35mCOMMIT[0m
Migrating to DeviseTokenAuthCreateUsers (20211006003448)
  [1m[35m (25.1ms)[0m  [1m[35mCREATE TABLE `users` (`id` bigint NOT NULL AUTO_INCREMENT PRIMARY KEY, `provider` varchar(255) DEFAULT 'email' NOT NULL, `uid` varchar(255) DEFAULT '' NOT NULL, `encrypted_password` varchar(255) DEFAULT '' NOT NULL, `reset_password_token` varchar(255), `reset_password_sent_at` datetime, `allow_password_change` tinyint(1) DEFAULT FALSE, `remember_created_at` datetime, `name` varchar(255), `email` varchar(255), `tokens` text, `created_at` datetime(6) NOT NULL, `updated_at` datetime(6) NOT NULL)[0m
  [1m[35m (75.7ms)[0m  [1m[35mCREATE UNIQUE INDEX `index_users_on_email`  ON `users` (`email`) [0m
  [1m[35m (14.1ms)[0m  [1m[35mCREATE UNIQUE INDEX `index_users_on_uid_and_provider`  ON `users` (`uid`, `provider`) [0m
  [1m[35m (16.1ms)[0m  [1m[35mCREATE UNIQUE INDEX `index_users_on_reset_password_token`  ON `users` (`reset_password_token`) [0m
  [1m[35m (0.2ms)[0m  [1m[35mBEGIN[0m
  [1m[36mActiveRecord::SchemaMigration Create (0.6ms)[0m  [1m[32mINSERT INTO `schema_migrations` (`version`) VALUES ('20211006003448')[0m
  [1m[35m (1.9ms)[0m  [1m[35mCOMMIT[0m
Migrating to AddSessionsTable (20211006003900)
  [1m[35m (15.1ms)[0m  [1m[35mCREATE TABLE `sessions` (`id` bigint NOT NULL AUTO_INCREMENT PRIMARY KEY, `session_id` varchar(255) NOT NULL, `data` longtext, `created_at` datetime(6) NOT NULL, `updated_at` datetime(6) NOT NULL)[0m
  [1m[35m (10.2ms)[0m  [1m[35mCREATE UNIQUE INDEX `index_sessions_on_session_id`  ON `sessions` (`session_id`) [0m
  [1m[35m (12.8ms)[0m  [1m[35mCREATE  INDEX `index_sessions_on_updated_at`  ON `sessions` (`updated_at`) [0m
  [1m[35m (0.3ms)[0m  [1m[35mBEGIN[0m
  [1m[36mActiveRecord::SchemaMigration Create (1.0ms)[0m  [1m[32mINSERT INTO `schema_migrations` (`version`) VALUES ('20211006003900')[0m
  [1m[35m (1.8ms)[0m  [1m[35mCOMMIT[0m
Migrating to CreateStocks (20211006013549)
  [1m[35m (11.1ms)[0m  [1m[35mCREATE TABLE `stocks` (`id` bigint NOT NULL AUTO_INCREMENT PRIMARY KEY, `company_name` varchar(255), `ticker_symbol` varchar(255), `country` varchar(255), `sector` varchar(255), `url` varchar(255), `created_at` datetime(6) NOT NULL, `updated_at` datetime(6) NOT NULL)[0m
  [1m[35m (0.2ms)[0m  [1m[35mBEGIN[0m
  [1m[36mActiveRecord::SchemaMigration Create (0.5ms)[0m  [1m[32mINSERT INTO `schema_migrations` (`version`) VALUES ('20211006013549')[0m
  [1m[35m (0.8ms)[0m  [1m[35mCOMMIT[0m
  [1m[36mActiveRecord::InternalMetadata Load (1.3ms)[0m  [1m[34mSELECT `ar_internal_metadata`.* FROM `ar_internal_metadata` WHERE `ar_internal_metadata`.`key` = 'environment' LIMIT 1[0m
  [1m[35m (0.1ms)[0m  [1m[35mBEGIN[0m
  [1m[36mActiveRecord::InternalMetadata Create (3.0ms)[0m  [1m[32mINSERT INTO `ar_internal_metadata` (`key`, `value`, `created_at`, `updated_at`) VALUES ('environment', 'development', '2021-10-06 01:46:51.767798', '2021-10-06 01:46:51.767798')[0m
  [1m[35m (0.8ms)[0m  [1m[35mCOMMIT[0m
  [1m[35m (0.3ms)[0m  [1m[34mSELECT RELEASE_LOCK('6917859122423275215')[0m
  [1m[35m (1.0ms)[0m  [1m[34mSELECT `schema_migrations`.`version` FROM `schema_migrations` ORDER BY `schema_migrations`.`version` ASC[0m
  [1m[35m (0.7ms)[0m  [1m[34mSELECT `schema_migrations`.`version` FROM `schema_migrations` ORDER BY `schema_migrations`.`version` ASC[0m
  [1m[35m (2.1ms)[0m  [1m[34mSELECT `ar_internal_metadata`.`value` FROM `ar_internal_metadata` WHERE `ar_internal_metadata`.`key` = 'environment'[0m
  [1m[35m (0.4ms)[0m  [1m[34mSELECT `schema_migrations`.`version` FROM `schema_migrations` ORDER BY `schema_migrations`.`version` ASC[0m
  [1m[35m (0.4ms)[0m  [1m[34mSELECT `ar_internal_metadata`.`value` FROM `ar_internal_metadata` WHERE `ar_internal_metadata`.`key` = 'environment'[0m
  [1m[35m (0.4ms)[0m  [1m[34mSELECT `schema_migrations`.`version` FROM `schema_migrations` ORDER BY `schema_migrations`.`version` ASC[0m
  [1m[35m (0.4ms)[0m  [1m[34mSELECT `ar_internal_metadata`.`value` FROM `ar_internal_metadata` WHERE `ar_internal_metadata`.`key` = 'environment'[0m
  [1m[35m (91.2ms)[0m  [1m[35mDROP DATABASE IF EXISTS `xxx8110io_development`[0m
  [1m[35m (3.7ms)[0m  [1m[35mDROP DATABASE IF EXISTS `xxx8110io_test`[0m
  [1m[35m (0.6ms)[0m  [1m[35mCREATE DATABASE `xxx8110io_development` DEFAULT CHARACTER SET `utf8mb4`[0m
  [1m[35m (2.5ms)[0m  [1m[35mCREATE DATABASE `xxx8110io_test` DEFAULT CHARACTER SET `utf8mb4`[0m
  [1m[35m (10.4ms)[0m  [1m[35mCREATE TABLE `schema_migrations` (`version` varchar(255) NOT NULL PRIMARY KEY)[0m
  [1m[35m (9.6ms)[0m  [1m[35mCREATE TABLE `ar_internal_metadata` (`key` varchar(255) NOT NULL PRIMARY KEY, `value` varchar(255), `created_at` datetime(6) NOT NULL, `updated_at` datetime(6) NOT NULL)[0m
  [1m[35m (0.2ms)[0m  [1m[34mSELECT GET_LOCK('6917859122423275215', 0)[0m
  [1m[35m (1.1ms)[0m  [1m[34mSELECT `schema_migrations`.`version` FROM `schema_migrations` ORDER BY `schema_migrations`.`version` ASC[0m
Migrating to CreateHoldings (20211006002702)
  [1m[35m (11.7ms)[0m  [1m[35mCREATE TABLE `holdings` (`id` bigint NOT NULL AUTO_INCREMENT PRIMARY KEY, `quantity` float(24), `dividend_amount` float(24), `dividend_rate` float(24), `total_dividend_amount` float(24), `created_at` datetime(6) NOT NULL, `updated_at` datetime(6) NOT NULL)[0m
  [1m[35m (0.2ms)[0m  [1m[35mBEGIN[0m
  [1m[36mActiveRecord::SchemaMigration Create (2.5ms)[0m  [1m[32mINSERT INTO `schema_migrations` (`version`) VALUES ('20211006002702')[0m
  [1m[35m (0.8ms)[0m  [1m[35mCOMMIT[0m
Migrating to DeviseTokenAuthCreateUsers (20211006003448)
  [1m[35m (9.8ms)[0m  [1m[35mCREATE TABLE `users` (`id` bigint NOT NULL AUTO_INCREMENT PRIMARY KEY, `provider` varchar(255) DEFAULT 'email' NOT NULL, `uid` varchar(255) DEFAULT '' NOT NULL, `encrypted_password` varchar(255) DEFAULT '' NOT NULL, `reset_password_token` varchar(255), `reset_password_sent_at` datetime, `allow_password_change` tinyint(1) DEFAULT FALSE, `remember_created_at` datetime, `name` varchar(255), `email` varchar(255), `tokens` text, `created_at` datetime(6) NOT NULL, `updated_at` datetime(6) NOT NULL)[0m
  [1m[35m (11.4ms)[0m  [1m[35mCREATE UNIQUE INDEX `index_users_on_email`  ON `users` (`email`) [0m
  [1m[35m (9.0ms)[0m  [1m[35mCREATE UNIQUE INDEX `index_users_on_uid_and_provider`  ON `users` (`uid`, `provider`) [0m
  [1m[35m (9.0ms)[0m  [1m[35mCREATE UNIQUE INDEX `index_users_on_reset_password_token`  ON `users` (`reset_password_token`) [0m
  [1m[35m (0.3ms)[0m  [1m[35mBEGIN[0m
  [1m[36mActiveRecord::SchemaMigration Create (0.6ms)[0m  [1m[32mINSERT INTO `schema_migrations` (`version`) VALUES ('20211006003448')[0m
  [1m[35m (1.0ms)[0m  [1m[35mCOMMIT[0m
Migrating to AddSessionsTable (20211006003900)
  [1m[35m (9.1ms)[0m  [1m[35mCREATE TABLE `sessions` (`id` bigint NOT NULL AUTO_INCREMENT PRIMARY KEY, `session_id` varchar(255) NOT NULL, `data` longtext, `created_at` datetime(6) NOT NULL, `updated_at` datetime(6) NOT NULL)[0m
  [1m[35m (7.7ms)[0m  [1m[35mCREATE UNIQUE INDEX `index_sessions_on_session_id`  ON `sessions` (`session_id`) [0m
  [1m[35m (8.9ms)[0m  [1m[35mCREATE  INDEX `index_sessions_on_updated_at`  ON `sessions` (`updated_at`) [0m
  [1m[35m (0.3ms)[0m  [1m[35mBEGIN[0m
  [1m[36mActiveRecord::SchemaMigration Create (0.5ms)[0m  [1m[32mINSERT INTO `schema_migrations` (`version`) VALUES ('20211006003900')[0m
  [1m[35m (1.2ms)[0m  [1m[35mCOMMIT[0m
Migrating to CreateStocks (20211006013549)
  [1m[35m (7.9ms)[0m  [1m[35mCREATE TABLE `stocks` (`id` bigint NOT NULL AUTO_INCREMENT PRIMARY KEY, `company_name` varchar(255), `ticker_symbol` varchar(255), `country` varchar(255), `sector` varchar(255), `url` varchar(255), `created_at` datetime(6) NOT NULL, `updated_at` datetime(6) NOT NULL)[0m
  [1m[35m (0.2ms)[0m  [1m[35mBEGIN[0m
  [1m[36mActiveRecord::SchemaMigration Create (0.5ms)[0m  [1m[32mINSERT INTO `schema_migrations` (`version`) VALUES ('20211006013549')[0m
  [1m[35m (0.9ms)[0m  [1m[35mCOMMIT[0m
  [1m[36mActiveRecord::InternalMetadata Load (1.2ms)[0m  [1m[34mSELECT `ar_internal_metadata`.* FROM `ar_internal_metadata` WHERE `ar_internal_metadata`.`key` = 'environment' LIMIT 1[0m
  [1m[35m (0.2ms)[0m  [1m[35mBEGIN[0m
  [1m[36mActiveRecord::InternalMetadata Create (0.6ms)[0m  [1m[32mINSERT INTO `ar_internal_metadata` (`key`, `value`, `created_at`, `updated_at`) VALUES ('environment', 'development', '2021-10-06 01:47:16.316715', '2021-10-06 01:47:16.316715')[0m
  [1m[35m (1.0ms)[0m  [1m[35mCOMMIT[0m
  [1m[35m (0.3ms)[0m  [1m[34mSELECT RELEASE_LOCK('6917859122423275215')[0m
  [1m[35m (0.9ms)[0m  [1m[34mSELECT `schema_migrations`.`version` FROM `schema_migrations` ORDER BY `schema_migrations`.`version` ASC[0m
  [1m[35m (0.6ms)[0m  [1m[34mSELECT `schema_migrations`.`version` FROM `schema_migrations` ORDER BY `schema_migrations`.`version` ASC[0m
  [1m[35m (1.4ms)[0m  [1m[34mSELECT `ar_internal_metadata`.`value` FROM `ar_internal_metadata` WHERE `ar_internal_metadata`.`key` = 'environment'[0m
  [1m[35m (0.3ms)[0m  [1m[34mSELECT `schema_migrations`.`version` FROM `schema_migrations` ORDER BY `schema_migrations`.`version` ASC[0m
  [1m[35m (0.3ms)[0m  [1m[34mSELECT `ar_internal_metadata`.`value` FROM `ar_internal_metadata` WHERE `ar_internal_metadata`.`key` = 'environment'[0m
  [1m[35m (0.2ms)[0m  [1m[34mSELECT `schema_migrations`.`version` FROM `schema_migrations` ORDER BY `schema_migrations`.`version` ASC[0m
  [1m[35m (0.3ms)[0m  [1m[34mSELECT `ar_internal_metadata`.`value` FROM `ar_internal_metadata` WHERE `ar_internal_metadata`.`key` = 'environment'[0m
  [1m[35m (39.9ms)[0m  [1m[35mDROP DATABASE IF EXISTS `xxx8110io_development`[0m
  [1m[35m (1.8ms)[0m  [1m[35mDROP DATABASE IF EXISTS `xxx8110io_test`[0m
  [1m[35m (2.6ms)[0m  [1m[35mCREATE DATABASE `xxx8110io_development` DEFAULT CHARACTER SET `utf8mb4`[0m
  [1m[35m (1.5ms)[0m  [1m[35mCREATE DATABASE `xxx8110io_test` DEFAULT CHARACTER SET `utf8mb4`[0m
  [1m[35m (19.1ms)[0m  [1m[35mCREATE TABLE `schema_migrations` (`version` varchar(255) NOT NULL PRIMARY KEY)[0m
  [1m[35m (12.6ms)[0m  [1m[35mCREATE TABLE `ar_internal_metadata` (`key` varchar(255) NOT NULL PRIMARY KEY, `value` varchar(255), `created_at` datetime(6) NOT NULL, `updated_at` datetime(6) NOT NULL)[0m
  [1m[35m (0.7ms)[0m  [1m[34mSELECT GET_LOCK('6917859122423275215', 0)[0m
  [1m[35m (0.4ms)[0m  [1m[34mSELECT `schema_migrations`.`version` FROM `schema_migrations` ORDER BY `schema_migrations`.`version` ASC[0m
Migrating to CreateHoldings (20211006002702)
  [1m[35m (10.9ms)[0m  [1m[35mCREATE TABLE `holdings` (`id` bigint NOT NULL AUTO_INCREMENT PRIMARY KEY, `quantity` float(24), `dividend_amount` float(24), `dividend_rate` float(24), `total_dividend_amount` float(24), `created_at` datetime(6) NOT NULL, `updated_at` datetime(6) NOT NULL)[0m
  [1m[35m (0.2ms)[0m  [1m[35mBEGIN[0m
  [1m[36mActiveRecord::SchemaMigration Create (1.1ms)[0m  [1m[32mINSERT INTO `schema_migrations` (`version`) VALUES ('20211006002702')[0m
  [1m[35m (1.0ms)[0m  [1m[35mCOMMIT[0m
Migrating to DeviseTokenAuthCreateUsers (20211006003448)
  [1m[35m (9.4ms)[0m  [1m[35mCREATE TABLE `users` (`id` bigint NOT NULL AUTO_INCREMENT PRIMARY KEY, `provider` varchar(255) DEFAULT 'email' NOT NULL, `uid` varchar(255) DEFAULT '' NOT NULL, `encrypted_password` varchar(255) DEFAULT '' NOT NULL, `reset_password_token` varchar(255), `reset_password_sent_at` datetime, `allow_password_change` tinyint(1) DEFAULT FALSE, `remember_created_at` datetime, `name` varchar(255), `email` varchar(255), `tokens` text, `created_at` datetime(6) NOT NULL, `updated_at` datetime(6) NOT NULL)[0m
  [1m[35m (12.8ms)[0m  [1m[35mCREATE UNIQUE INDEX `index_users_on_email`  ON `users` (`email`) [0m
  [1m[35m (9.5ms)[0m  [1m[35mCREATE UNIQUE INDEX `index_users_on_uid_and_provider`  ON `users` (`uid`, `provider`) [0m
  [1m[35m (8.1ms)[0m  [1m[35mCREATE UNIQUE INDEX `index_users_on_reset_password_token`  ON `users` (`reset_password_token`) [0m
  [1m[35m (0.2ms)[0m  [1m[35mBEGIN[0m
  [1m[36mActiveRecord::SchemaMigration Create (0.6ms)[0m  [1m[32mINSERT INTO `schema_migrations` (`version`) VALUES ('20211006003448')[0m
  [1m[35m (1.2ms)[0m  [1m[35mCOMMIT[0m
Migrating to AddSessionsTable (20211006003900)
  [1m[35m (11.9ms)[0m  [1m[35mCREATE TABLE `sessions` (`id` bigint NOT NULL AUTO_INCREMENT PRIMARY KEY, `session_id` varchar(255) NOT NULL, `data` longtext, `created_at` datetime(6) NOT NULL, `updated_at` datetime(6) NOT NULL)[0m
  [1m[35m (8.0ms)[0m  [1m[35mCREATE UNIQUE INDEX `index_sessions_on_session_id`  ON `sessions` (`session_id`) [0m
  [1m[35m (8.5ms)[0m  [1m[35mCREATE  INDEX `index_sessions_on_updated_at`  ON `sessions` (`updated_at`) [0m
  [1m[35m (0.2ms)[0m  [1m[35mBEGIN[0m
  [1m[36mActiveRecord::SchemaMigration Create (0.6ms)[0m  [1m[32mINSERT INTO `schema_migrations` (`version`) VALUES ('20211006003900')[0m
  [1m[35m (1.0ms)[0m  [1m[35mCOMMIT[0m
Migrating to CreateStockData (20211006015034)
  [1m[35m (12.5ms)[0m  [1m[35mCREATE TABLE `stock_data` (`id` bigint NOT NULL AUTO_INCREMENT PRIMARY KEY, `company_name` varchar(255), `ticker_symbol` varchar(255), `country` varchar(255), `sector` varchar(255), `url` varchar(255), `created_at` datetime(6) NOT NULL, `updated_at` datetime(6) NOT NULL)[0m
  [1m[35m (0.2ms)[0m  [1m[35mBEGIN[0m
  [1m[36mActiveRecord::SchemaMigration Create (0.6ms)[0m  [1m[32mINSERT INTO `schema_migrations` (`version`) VALUES ('20211006015034')[0m
  [1m[35m (0.8ms)[0m  [1m[35mCOMMIT[0m
Migrating to CreateStocks (20211006015145)
  [1m[35m (11.8ms)[0m  [1m[35mCREATE TABLE `stocks` (`id` bigint NOT NULL AUTO_INCREMENT PRIMARY KEY, `created_at` datetime(6) NOT NULL, `updated_at` datetime(6) NOT NULL)[0m
  [1m[35m (0.3ms)[0m  [1m[35mBEGIN[0m
  [1m[36mActiveRecord::SchemaMigration Create (0.6ms)[0m  [1m[32mINSERT INTO `schema_migrations` (`version`) VALUES ('20211006015145')[0m
  [1m[35m (1.0ms)[0m  [1m[35mCOMMIT[0m
  [1m[36mActiveRecord::InternalMetadata Load (1.3ms)[0m  [1m[34mSELECT `ar_internal_metadata`.* FROM `ar_internal_metadata` WHERE `ar_internal_metadata`.`key` = 'environment' LIMIT 1[0m
  [1m[35m (0.2ms)[0m  [1m[35mBEGIN[0m
  [1m[36mActiveRecord::InternalMetadata Create (0.6ms)[0m  [1m[32mINSERT INTO `ar_internal_metadata` (`key`, `value`, `created_at`, `updated_at`) VALUES ('environment', 'development', '2021-10-06 01:52:22.091601', '2021-10-06 01:52:22.091601')[0m
  [1m[35m (1.0ms)[0m  [1m[35mCOMMIT[0m
  [1m[35m (0.8ms)[0m  [1m[34mSELECT RELEASE_LOCK('6917859122423275215')[0m
  [1m[35m (0.9ms)[0m  [1m[34mSELECT `schema_migrations`.`version` FROM `schema_migrations` ORDER BY `schema_migrations`.`version` ASC[0m
  [1m[35m (1.6ms)[0m  [1m[34mSELECT GET_LOCK('6917859122423275215', 0)[0m
  [1m[35m (1.3ms)[0m  [1m[34mSELECT `schema_migrations`.`version` FROM `schema_migrations` ORDER BY `schema_migrations`.`version` ASC[0m
Migrating to AddForeignKeyToHoldings (20211006015255)
  [1m[35m (373.2ms)[0m  [1m[35mALTER TABLE `holdings` ADD `user_id` bigint[0m
  [1m[35m (9.3ms)[0m  [1m[35mCREATE  INDEX `index_holdings_on_user_id`  ON `holdings` (`user_id`) [0m
  [1m[35m (52.0ms)[0m  [1m[35mALTER TABLE `holdings` ADD CONSTRAINT `fk_rails_b5f25ff569`
FOREIGN KEY (`user_id`)
  REFERENCES `users` (`id`)
[0m
  [1m[35m (20.3ms)[0m  [1m[35mALTER TABLE `holdings` ADD `stock_id` bigint[0m
  [1m[35m (11.8ms)[0m  [1m[35mCREATE  INDEX `index_holdings_on_stock_id`  ON `holdings` (`stock_id`) [0m
  [1m[35m (23.1ms)[0m  [1m[35mALTER TABLE `holdings` ADD CONSTRAINT `fk_rails_1a40ae8eaa`
FOREIGN KEY (`stock_id`)
  REFERENCES `stocks` (`id`)
[0m
  [1m[35m (0.2ms)[0m  [1m[35mBEGIN[0m
  [1m[36mActiveRecord::SchemaMigration Create (0.9ms)[0m  [1m[32mINSERT INTO `schema_migrations` (`version`) VALUES ('20211006015255')[0m
  [1m[35m (0.9ms)[0m  [1m[35mCOMMIT[0m
  [1m[36mActiveRecord::InternalMetadata Load (1.8ms)[0m  [1m[34mSELECT `ar_internal_metadata`.* FROM `ar_internal_metadata` WHERE `ar_internal_metadata`.`key` = 'environment' LIMIT 1[0m
  [1m[35m (0.3ms)[0m  [1m[34mSELECT RELEASE_LOCK('6917859122423275215')[0m
  [1m[35m (3.0ms)[0m  [1m[34mSELECT `schema_migrations`.`version` FROM `schema_migrations` ORDER BY `schema_migrations`.`version` ASC[0m
  [1m[35m (4.4ms)[0m  [1m[34mSELECT GET_LOCK('6917859122423275215', 0)[0m
  [1m[35m (14.0ms)[0m  [1m[34mSELECT `schema_migrations`.`version` FROM `schema_migrations` ORDER BY `schema_migrations`.`version` ASC[0m
Migrating to AddNullFalseToHoldings (20211006015815)
  [1m[35m (49.6ms)[0m  [1m[35mALTER TABLE `holdings` CHANGE `user_id` `user_id` bigint NOT NULL[0m
  [1m[35m (26.8ms)[0m  [1m[35mALTER TABLE `holdings` CHANGE `stock_id` `stock_id` bigint NOT NULL[0m
  [1m[35m (0.2ms)[0m  [1m[35mBEGIN[0m
  [1m[36mActiveRecord::SchemaMigration Create (0.8ms)[0m  [1m[32mINSERT INTO `schema_migrations` (`version`) VALUES ('20211006015815')[0m
  [1m[35m (1.4ms)[0m  [1m[35mCOMMIT[0m
  [1m[36mActiveRecord::InternalMetadata Load (1.0ms)[0m  [1m[34mSELECT `ar_internal_metadata`.* FROM `ar_internal_metadata` WHERE `ar_internal_metadata`.`key` = 'environment' LIMIT 1[0m
  [1m[35m (0.7ms)[0m  [1m[34mSELECT RELEASE_LOCK('6917859122423275215')[0m
  [1m[35m (2.0ms)[0m  [1m[34mSELECT `schema_migrations`.`version` FROM `schema_migrations` ORDER BY `schema_migrations`.`version` ASC[0m
  [1m[35m (1.0ms)[0m  [1m[34mSELECT GET_LOCK('6917859122423275215', 0)[0m
  [1m[35m (3.6ms)[0m  [1m[34mSELECT `schema_migrations`.`version` FROM `schema_migrations` ORDER BY `schema_migrations`.`version` ASC[0m
Migrating to SortByReferenceToHoldings (20211006020433)
  [1m[35m (77.4ms)[0m  [1m[35mALTER TABLE `holdings` CHANGE `user_id` `user_id` bigint NOT NULL AFTER `id`[0m
  [1m[35m (110.8ms)[0m  [1m[35mALTER TABLE `holdings` CHANGE `stock_id` `stock_id` bigint NOT NULL AFTER `user_id`[0m
  [1m[35m (0.2ms)[0m  [1m[35mBEGIN[0m
  [1m[36mActiveRecord::SchemaMigration Create (1.2ms)[0m  [1m[32mINSERT INTO `schema_migrations` (`version`) VALUES ('20211006020433')[0m
  [1m[35m (1.2ms)[0m  [1m[35mCOMMIT[0m
  [1m[36mActiveRecord::InternalMetadata Load (0.8ms)[0m  [1m[34mSELECT `ar_internal_metadata`.* FROM `ar_internal_metadata` WHERE `ar_internal_metadata`.`key` = 'environment' LIMIT 1[0m
  [1m[35m (0.3ms)[0m  [1m[34mSELECT RELEASE_LOCK('6917859122423275215')[0m
  [1m[35m (2.6ms)[0m  [1m[34mSELECT `schema_migrations`.`version` FROM `schema_migrations` ORDER BY `schema_migrations`.`version` ASC[0m
Started POST "/api/auth" for 172.20.0.1 at 2021-10-06 11:42:19 +0900
  [1m[35m (5.3ms)[0m  [1m[34mSELECT `schema_migrations`.`version` FROM `schema_migrations` ORDER BY `schema_migrations`.`version` ASC[0m
Processing by Api::Auth::RegistrationsController#create as */*
  Parameters: {"name"=>"Koume-chan", "email"=>"koume@example.com", "password"=>"[FILTERED]", "password_confirmation"=>"[FILTERED]"}
  [1m[35m (0.3ms)[0m  [1m[35mBEGIN[0m
  [1m[36mUser Exists? (8.4ms)[0m  [1m[34mSELECT 1 AS one FROM `users` WHERE `users`.`email` = 'koume@example.com' AND `users`.`provider` = 'email' LIMIT 1[0m
  [1m[36mUser Create (8.0ms)[0m  [1m[32mINSERT INTO `users` (`uid`, `encrypted_password`, `name`, `email`, `created_at`, `updated_at`) VALUES ('koume@example.com', '$2a$12$98MxcFfGB/sxAXSPkXQ7huRQJsxpnr.OesXRlSEIMmzuVeAXme6hu', 'Koume-chan', 'koume@example.com', '2021-10-06 02:42:26.277691', '2021-10-06 02:42:26.277691')[0m
  [1m[35m (3.8ms)[0m  [1m[35mCOMMIT[0m
  [1m[35m (0.3ms)[0m  [1m[35mBEGIN[0m
  [1m[36mUser Update (26.7ms)[0m  [1m[33mUPDATE `users` SET `users`.`tokens` = '{\"t_5luDC8XaAMQte0yuezLA\":{\"token\":\"$2a$10$QHr0Sn.aoBPo5EmSJvhJFOt4NzNAjtjC0fVwcCeUCj3XgYeNXMFPu\",\"expiry\":1634697746}}', `users`.`updated_at` = '2021-10-06 02:42:26.354899' WHERE `users`.`id` = 1[0m
  [1m[35m (1.7ms)[0m  [1m[35mCOMMIT[0m
  [1m[36mUser Load (2.2ms)[0m  [1m[34mSELECT `users`.* FROM `users` WHERE `users`.`id` = 1 LIMIT 1[0m
  [1m[35m (0.2ms)[0m  [1m[35mBEGIN[0m
  [1m[36mUser Load (1.5ms)[0m  [1m[37mSELECT `users`.* FROM `users` WHERE `users`.`id` = 1 LIMIT 1 FOR UPDATE[0m
  [1m[36mUser Update (1.9ms)[0m  [1m[33mUPDATE `users` SET `users`.`tokens` = '{\"t_5luDC8XaAMQte0yuezLA\":{\"token\":\"$2a$10$cXDWl5lHkFa.zol44FM2BO1bKtMHbSMbvKh60VHHURA3zHYnfIp7C\",\"expiry\":1634697746,\"last_token\":\"$2a$10$QHr0Sn.aoBPo5EmSJvhJFOt4NzNAjtjC0fVwcCeUCj3XgYeNXMFPu\",\"updated_at\":\"2021-10-06T02:42:26Z\"}}', `users`.`updated_at` = '2021-10-06 02:42:26.459879' WHERE `users`.`id` = 1[0m
  [1m[35m (1.3ms)[0m  [1m[35mCOMMIT[0m
[active_model_serializers] Rendered ActiveModel::Serializer::Null with Hash (0.09ms)
Completed 200 OK in 804ms (Views: 12.6ms | ActiveRecord: 69.4ms | Allocations: 41176)


Started POST "/api/auth/sign_in" for 172.20.0.1 at 2021-10-06 11:42:44 +0900
Processing by DeviseTokenAuth::SessionsController#create as */*
  Parameters: {"email"=>"koume@example.com", "password"=>"[FILTERED]"}
  [1m[36mUser Load (22.8ms)[0m  [1m[34mSELECT `users`.* FROM `users` WHERE (BINARY email = 'koume@example.com' AND provider= 'email') ORDER BY `users`.`id` ASC LIMIT 1[0m
  [1m[35m (0.3ms)[0m  [1m[35mBEGIN[0m
  [1m[36mUser Update (3.9ms)[0m  [1m[33mUPDATE `users` SET `users`.`tokens` = '{\"t_5luDC8XaAMQte0yuezLA\":{\"token\":\"$2a$10$cXDWl5lHkFa.zol44FM2BO1bKtMHbSMbvKh60VHHURA3zHYnfIp7C\",\"expiry\":1634697746,\"last_token\":\"$2a$10$QHr0Sn.aoBPo5EmSJvhJFOt4NzNAjtjC0fVwcCeUCj3XgYeNXMFPu\",\"updated_at\":\"2021-10-06T02:42:26Z\"},\"JWYEdQc10YEy3wtdGd1djQ\":{\"token\":\"$2a$10$FrVY1O3f/J1ZwC9nXzmA/.BvJmhL97mYFb3F5J59XHyn39XJzF5pW\",\"expiry\":1634697765}}', `users`.`updated_at` = '2021-10-06 02:42:45.419093' WHERE `users`.`id` = 1[0m
  [1m[35m (3.3ms)[0m  [1m[35mCOMMIT[0m
[active_model_serializers] Rendered ActiveModel::Serializer::Null with Hash (0.07ms)
  [1m[36mUser Load (1.5ms)[0m  [1m[34mSELECT `users`.* FROM `users` WHERE `users`.`id` = 1 LIMIT 1[0m
  [1m[35m (0.2ms)[0m  [1m[35mBEGIN[0m
  [1m[36mUser Load (2.3ms)[0m  [1m[37mSELECT `users`.* FROM `users` WHERE `users`.`id` = 1 LIMIT 1 FOR UPDATE[0m
  [1m[36mUser Update (1.9ms)[0m  [1m[33mUPDATE `users` SET `users`.`tokens` = '{\"t_5luDC8XaAMQte0yuezLA\":{\"token\":\"$2a$10$cXDWl5lHkFa.zol44FM2BO1bKtMHbSMbvKh60VHHURA3zHYnfIp7C\",\"expiry\":1634697746,\"last_token\":\"$2a$10$QHr0Sn.aoBPo5EmSJvhJFOt4NzNAjtjC0fVwcCeUCj3XgYeNXMFPu\",\"updated_at\":\"2021-10-06T02:42:26Z\"},\"JWYEdQc10YEy3wtdGd1djQ\":{\"token\":\"$2a$10$udUv5sQh5W314KMdTfi4ROrBdaIPcMQWWSwbLzSAla5pPfXxMwsYO\",\"expiry\":1634697765,\"last_token\":\"$2a$10$FrVY1O3f/J1ZwC9nXzmA/.BvJmhL97mYFb3F5J59XHyn39XJzF5pW\",\"updated_at\":\"2021-10-06T02:42:45Z\"}}', `users`.`updated_at` = '2021-10-06 02:42:45.518640' WHERE `users`.`id` = 1[0m
  [1m[35m (2.9ms)[0m  [1m[35mCOMMIT[0m
Completed 200 OK in 485ms (Views: 1.8ms | ActiveRecord: 39.3ms | Allocations: 13914)


Started GET "/api/users/1/" for 172.21.0.1 at 2021-10-06 12:25:41 +0900
  [1m[35m (2.8ms)[0m  [1m[34mSELECT `schema_migrations`.`version` FROM `schema_migrations` ORDER BY `schema_migrations`.`version` ASC[0m
  
Zeitwerk::NameError (expected file /xxx8110io/app/controllers/users_controller.rb to define constant UsersController, but didn't):
  
zeitwerk (2.4.2) lib/zeitwerk/loader/callbacks.rb:18:in `on_file_autoloaded'
zeitwerk (2.4.2) lib/zeitwerk/kernel.rb:27:in `block in require'
zeitwerk (2.4.2) lib/zeitwerk/kernel.rb:26:in `tap'
zeitwerk (2.4.2) lib/zeitwerk/kernel.rb:26:in `require'
activesupport (6.0.4.1) lib/active_support/inflector/methods.rb:284:in `const_get'
activesupport (6.0.4.1) lib/active_support/inflector/methods.rb:284:in `block in constantize'
activesupport (6.0.4.1) lib/active_support/inflector/methods.rb:280:in `each'
activesupport (6.0.4.1) lib/active_support/inflector/methods.rb:280:in `inject'
activesupport (6.0.4.1) lib/active_support/inflector/methods.rb:280:in `constantize'
activesupport (6.0.4.1) lib/active_support/dependencies/zeitwerk_integration.rb:19:in `constantize'
actionpack (6.0.4.1) lib/action_dispatch/http/request.rb:89:in `controller_class_for'
actionpack (6.0.4.1) lib/action_dispatch/http/parameters.rb:100:in `binary_params_for?'
actionpack (6.0.4.1) lib/action_dispatch/http/parameters.rb:91:in `set_binary_encoding'
actionpack (6.0.4.1) lib/action_dispatch/http/parameters.rb:69:in `path_parameters='
actionpack (6.0.4.1) lib/action_dispatch/journey/router.rb:47:in `block in serve'
actionpack (6.0.4.1) lib/action_dispatch/journey/router.rb:32:in `each'
actionpack (6.0.4.1) lib/action_dispatch/journey/router.rb:32:in `serve'
actionpack (6.0.4.1) lib/action_dispatch/routing/route_set.rb:834:in `call'
warden (1.2.9) lib/warden/manager.rb:36:in `block in call'
warden (1.2.9) lib/warden/manager.rb:34:in `catch'
warden (1.2.9) lib/warden/manager.rb:34:in `call'
rack (2.2.3) lib/rack/etag.rb:27:in `call'
rack (2.2.3) lib/rack/conditional_get.rb:27:in `call'
rack (2.2.3) lib/rack/head.rb:12:in `call'
activerecord (6.0.4.1) lib/active_record/migration.rb:567:in `call'
actionpack (6.0.4.1) lib/action_dispatch/middleware/callbacks.rb:27:in `block in call'
activesupport (6.0.4.1) lib/active_support/callbacks.rb:101:in `run_callbacks'
actionpack (6.0.4.1) lib/action_dispatch/middleware/callbacks.rb:26:in `call'
actionpack (6.0.4.1) lib/action_dispatch/middleware/executor.rb:14:in `call'
actionpack (6.0.4.1) lib/action_dispatch/middleware/actionable_exceptions.rb:18:in `call'
actionpack (6.0.4.1) lib/action_dispatch/middleware/debug_exceptions.rb:32:in `call'
actionpack (6.0.4.1) lib/action_dispatch/middleware/show_exceptions.rb:33:in `call'
railties (6.0.4.1) lib/rails/rack/logger.rb:37:in `call_app'
railties (6.0.4.1) lib/rails/rack/logger.rb:26:in `block in call'
activesupport (6.0.4.1) lib/active_support/tagged_logging.rb:80:in `block in tagged'
activesupport (6.0.4.1) lib/active_support/tagged_logging.rb:28:in `tagged'
activesupport (6.0.4.1) lib/active_support/tagged_logging.rb:80:in `tagged'
railties (6.0.4.1) lib/rails/rack/logger.rb:26:in `call'
actionpack (6.0.4.1) lib/action_dispatch/middleware/remote_ip.rb:81:in `call'
actionpack (6.0.4.1) lib/action_dispatch/middleware/request_id.rb:27:in `call'
rack (2.2.3) lib/rack/runtime.rb:22:in `call'
activesupport (6.0.4.1) lib/active_support/cache/strategy/local_cache_middleware.rb:29:in `call'
actionpack (6.0.4.1) lib/action_dispatch/middleware/executor.rb:14:in `call'
actionpack (6.0.4.1) lib/action_dispatch/middleware/static.rb:126:in `call'
rack (2.2.3) lib/rack/sendfile.rb:110:in `call'
actionpack (6.0.4.1) lib/action_dispatch/middleware/host_authorization.rb:82:in `call'
rack-cors (1.1.1) lib/rack/cors.rb:100:in `call'
railties (6.0.4.1) lib/rails/engine.rb:527:in `call'
puma (4.3.8) lib/puma/configuration.rb:228:in `call'
puma (4.3.8) lib/puma/server.rb:718:in `handle_request'
puma (4.3.8) lib/puma/server.rb:472:in `process_client'
puma (4.3.8) lib/puma/server.rb:328:in `block in run'
puma (4.3.8) lib/puma/thread_pool.rb:134:in `block in spawn_thread'
Started GET "/api/users/1/" for 172.21.0.1 at 2021-10-06 12:25:50 +0900
Processing by Api::UsersController#show as HTML
  Parameters: {"id"=>"1"}
  [1m[36mUser Load (6.9ms)[0m  [1m[34mSELECT `users`.* FROM `users` WHERE `users`.`id` = 1 LIMIT 1[0m
  ↳ app/controllers/users_controller.rb:11:in `show'
[active_model_serializers] Rendered ActiveModel::Serializer::Null with User (0.51ms)
Completed 200 OK in 57ms (Views: 5.9ms | ActiveRecord: 34.1ms | Allocations: 9442)


Started GET "/api/users/1/" for 172.21.0.1 at 2021-10-06 12:25:52 +0900
Processing by Api::UsersController#show as HTML
  Parameters: {"id"=>"1"}
  [1m[36mUser Load (1.0ms)[0m  [1m[34mSELECT `users`.* FROM `users` WHERE `users`.`id` = 1 LIMIT 1[0m
  ↳ app/controllers/users_controller.rb:11:in `show'
[active_model_serializers] Rendered ActiveModel::Serializer::Null with User (0.3ms)
Completed 200 OK in 8ms (Views: 1.5ms | ActiveRecord: 1.0ms | Allocations: 981)


Started GET "/api/users/1/" for 172.21.0.1 at 2021-10-06 12:25:53 +0900
Processing by Api::UsersController#show as HTML
  Parameters: {"id"=>"1"}
  [1m[36mUser Load (2.2ms)[0m  [1m[34mSELECT `users`.* FROM `users` WHERE `users`.`id` = 1 LIMIT 1[0m
  ↳ app/controllers/users_controller.rb:11:in `show'
[active_model_serializers] Rendered ActiveModel::Serializer::Null with User (0.37ms)
Completed 200 OK in 12ms (Views: 1.9ms | ActiveRecord: 2.2ms | Allocations: 981)


Started GET "/api/users/1/" for 172.21.0.1 at 2021-10-06 12:26:52 +0900
Processing by Api::UsersController#show as HTML
  Parameters: {"id"=>"1"}
  [1m[36mUser Load (1.1ms)[0m  [1m[34mSELECT `users`.* FROM `users` WHERE `users`.`id` = 1 LIMIT 1[0m
  ↳ app/controllers/users_controller.rb:11:in `show'
[active_model_serializers] Rendered ActiveModel::Serializer::Null with User (0.8ms)
Completed 200 OK in 35ms (Views: 4.6ms | ActiveRecord: 16.8ms | Allocations: 8035)


Started GET "/api/users/1/" for 172.21.0.1 at 2021-10-06 12:26:55 +0900
Processing by Api::UsersController#show as HTML
  Parameters: {"id"=>"1"}
  [1m[36mUser Load (2.2ms)[0m  [1m[34mSELECT `users`.* FROM `users` WHERE `users`.`id` = 1 LIMIT 1[0m
  ↳ app/controllers/users_controller.rb:11:in `show'
[active_model_serializers] Rendered ActiveModel::Serializer::Null with User (0.44ms)
Completed 200 OK in 13ms (Views: 3.0ms | ActiveRecord: 2.2ms | Allocations: 966)


Started GET "/api/users/1/" for 172.21.0.1 at 2021-10-06 12:27:57 +0900
  
ActionController::RoutingError (uninitialized constant Api::UsersController):
  
actionpack (6.0.4.1) lib/action_dispatch/http/request.rb:92:in `rescue in controller_class_for'
actionpack (6.0.4.1) lib/action_dispatch/http/request.rb:88:in `controller_class_for'
actionpack (6.0.4.1) lib/action_dispatch/http/request.rb:81:in `controller_class'
actionpack (6.0.4.1) lib/action_dispatch/routing/route_set.rb:44:in `controller'
actionpack (6.0.4.1) lib/action_dispatch/routing/route_set.rb:31:in `serve'
actionpack (6.0.4.1) lib/action_dispatch/journey/router.rb:49:in `block in serve'
actionpack (6.0.4.1) lib/action_dispatch/journey/router.rb:32:in `each'
actionpack (6.0.4.1) lib/action_dispatch/journey/router.rb:32:in `serve'
actionpack (6.0.4.1) lib/action_dispatch/routing/route_set.rb:834:in `call'
warden (1.2.9) lib/warden/manager.rb:36:in `block in call'
warden (1.2.9) lib/warden/manager.rb:34:in `catch'
warden (1.2.9) lib/warden/manager.rb:34:in `call'
rack (2.2.3) lib/rack/etag.rb:27:in `call'
rack (2.2.3) lib/rack/conditional_get.rb:27:in `call'
rack (2.2.3) lib/rack/head.rb:12:in `call'
activerecord (6.0.4.1) lib/active_record/migration.rb:567:in `call'
actionpack (6.0.4.1) lib/action_dispatch/middleware/callbacks.rb:27:in `block in call'
activesupport (6.0.4.1) lib/active_support/callbacks.rb:101:in `run_callbacks'
actionpack (6.0.4.1) lib/action_dispatch/middleware/callbacks.rb:26:in `call'
actionpack (6.0.4.1) lib/action_dispatch/middleware/executor.rb:14:in `call'
actionpack (6.0.4.1) lib/action_dispatch/middleware/actionable_exceptions.rb:18:in `call'
actionpack (6.0.4.1) lib/action_dispatch/middleware/debug_exceptions.rb:32:in `call'
actionpack (6.0.4.1) lib/action_dispatch/middleware/show_exceptions.rb:33:in `call'
railties (6.0.4.1) lib/rails/rack/logger.rb:37:in `call_app'
railties (6.0.4.1) lib/rails/rack/logger.rb:26:in `block in call'
activesupport (6.0.4.1) lib/active_support/tagged_logging.rb:80:in `block in tagged'
activesupport (6.0.4.1) lib/active_support/tagged_logging.rb:28:in `tagged'
activesupport (6.0.4.1) lib/active_support/tagged_logging.rb:80:in `tagged'
railties (6.0.4.1) lib/rails/rack/logger.rb:26:in `call'
actionpack (6.0.4.1) lib/action_dispatch/middleware/remote_ip.rb:81:in `call'
actionpack (6.0.4.1) lib/action_dispatch/middleware/request_id.rb:27:in `call'
rack (2.2.3) lib/rack/runtime.rb:22:in `call'
activesupport (6.0.4.1) lib/active_support/cache/strategy/local_cache_middleware.rb:29:in `call'
actionpack (6.0.4.1) lib/action_dispatch/middleware/executor.rb:14:in `call'
actionpack (6.0.4.1) lib/action_dispatch/middleware/static.rb:126:in `call'
rack (2.2.3) lib/rack/sendfile.rb:110:in `call'
actionpack (6.0.4.1) lib/action_dispatch/middleware/host_authorization.rb:82:in `call'
rack-cors (1.1.1) lib/rack/cors.rb:100:in `call'
railties (6.0.4.1) lib/rails/engine.rb:527:in `call'
puma (4.3.8) lib/puma/configuration.rb:228:in `call'
puma (4.3.8) lib/puma/server.rb:718:in `handle_request'
puma (4.3.8) lib/puma/server.rb:472:in `process_client'
puma (4.3.8) lib/puma/server.rb:328:in `block in run'
puma (4.3.8) lib/puma/thread_pool.rb:134:in `block in spawn_thread'
Started GET "/api/users/1/" for 172.21.0.1 at 2021-10-06 12:28:01 +0900
  
ActionController::RoutingError (uninitialized constant Api::UsersController):
  
actionpack (6.0.4.1) lib/action_dispatch/http/request.rb:92:in `rescue in controller_class_for'
actionpack (6.0.4.1) lib/action_dispatch/http/request.rb:88:in `controller_class_for'
actionpack (6.0.4.1) lib/action_dispatch/http/request.rb:81:in `controller_class'
actionpack (6.0.4.1) lib/action_dispatch/routing/route_set.rb:44:in `controller'
actionpack (6.0.4.1) lib/action_dispatch/routing/route_set.rb:31:in `serve'
actionpack (6.0.4.1) lib/action_dispatch/journey/router.rb:49:in `block in serve'
actionpack (6.0.4.1) lib/action_dispatch/journey/router.rb:32:in `each'
actionpack (6.0.4.1) lib/action_dispatch/journey/router.rb:32:in `serve'
actionpack (6.0.4.1) lib/action_dispatch/routing/route_set.rb:834:in `call'
warden (1.2.9) lib/warden/manager.rb:36:in `block in call'
warden (1.2.9) lib/warden/manager.rb:34:in `catch'
warden (1.2.9) lib/warden/manager.rb:34:in `call'
rack (2.2.3) lib/rack/etag.rb:27:in `call'
rack (2.2.3) lib/rack/conditional_get.rb:27:in `call'
rack (2.2.3) lib/rack/head.rb:12:in `call'
activerecord (6.0.4.1) lib/active_record/migration.rb:567:in `call'
actionpack (6.0.4.1) lib/action_dispatch/middleware/callbacks.rb:27:in `block in call'
activesupport (6.0.4.1) lib/active_support/callbacks.rb:101:in `run_callbacks'
actionpack (6.0.4.1) lib/action_dispatch/middleware/callbacks.rb:26:in `call'
actionpack (6.0.4.1) lib/action_dispatch/middleware/executor.rb:14:in `call'
actionpack (6.0.4.1) lib/action_dispatch/middleware/actionable_exceptions.rb:18:in `call'
actionpack (6.0.4.1) lib/action_dispatch/middleware/debug_exceptions.rb:32:in `call'
actionpack (6.0.4.1) lib/action_dispatch/middleware/show_exceptions.rb:33:in `call'
railties (6.0.4.1) lib/rails/rack/logger.rb:37:in `call_app'
railties (6.0.4.1) lib/rails/rack/logger.rb:26:in `block in call'
activesupport (6.0.4.1) lib/active_support/tagged_logging.rb:80:in `block in tagged'
activesupport (6.0.4.1) lib/active_support/tagged_logging.rb:28:in `tagged'
activesupport (6.0.4.1) lib/active_support/tagged_logging.rb:80:in `tagged'
railties (6.0.4.1) lib/rails/rack/logger.rb:26:in `call'
actionpack (6.0.4.1) lib/action_dispatch/middleware/remote_ip.rb:81:in `call'
actionpack (6.0.4.1) lib/action_dispatch/middleware/request_id.rb:27:in `call'
rack (2.2.3) lib/rack/runtime.rb:22:in `call'
activesupport (6.0.4.1) lib/active_support/cache/strategy/local_cache_middleware.rb:29:in `call'
actionpack (6.0.4.1) lib/action_dispatch/middleware/executor.rb:14:in `call'
actionpack (6.0.4.1) lib/action_dispatch/middleware/static.rb:126:in `call'
rack (2.2.3) lib/rack/sendfile.rb:110:in `call'
actionpack (6.0.4.1) lib/action_dispatch/middleware/host_authorization.rb:82:in `call'
rack-cors (1.1.1) lib/rack/cors.rb:100:in `call'
railties (6.0.4.1) lib/rails/engine.rb:527:in `call'
puma (4.3.8) lib/puma/configuration.rb:228:in `call'
puma (4.3.8) lib/puma/server.rb:718:in `handle_request'
puma (4.3.8) lib/puma/server.rb:472:in `process_client'
puma (4.3.8) lib/puma/server.rb:328:in `block in run'
puma (4.3.8) lib/puma/thread_pool.rb:134:in `block in spawn_thread'
Started GET "/api/users/1/" for 172.21.0.1 at 2021-10-06 12:28:02 +0900
  
ActionController::RoutingError (uninitialized constant Api::UsersController):
  
actionpack (6.0.4.1) lib/action_dispatch/http/request.rb:92:in `rescue in controller_class_for'
actionpack (6.0.4.1) lib/action_dispatch/http/request.rb:88:in `controller_class_for'
actionpack (6.0.4.1) lib/action_dispatch/http/request.rb:81:in `controller_class'
actionpack (6.0.4.1) lib/action_dispatch/routing/route_set.rb:44:in `controller'
actionpack (6.0.4.1) lib/action_dispatch/routing/route_set.rb:31:in `serve'
actionpack (6.0.4.1) lib/action_dispatch/journey/router.rb:49:in `block in serve'
actionpack (6.0.4.1) lib/action_dispatch/journey/router.rb:32:in `each'
actionpack (6.0.4.1) lib/action_dispatch/journey/router.rb:32:in `serve'
actionpack (6.0.4.1) lib/action_dispatch/routing/route_set.rb:834:in `call'
warden (1.2.9) lib/warden/manager.rb:36:in `block in call'
warden (1.2.9) lib/warden/manager.rb:34:in `catch'
warden (1.2.9) lib/warden/manager.rb:34:in `call'
rack (2.2.3) lib/rack/etag.rb:27:in `call'
rack (2.2.3) lib/rack/conditional_get.rb:27:in `call'
rack (2.2.3) lib/rack/head.rb:12:in `call'
activerecord (6.0.4.1) lib/active_record/migration.rb:567:in `call'
actionpack (6.0.4.1) lib/action_dispatch/middleware/callbacks.rb:27:in `block in call'
activesupport (6.0.4.1) lib/active_support/callbacks.rb:101:in `run_callbacks'
actionpack (6.0.4.1) lib/action_dispatch/middleware/callbacks.rb:26:in `call'
actionpack (6.0.4.1) lib/action_dispatch/middleware/executor.rb:14:in `call'
actionpack (6.0.4.1) lib/action_dispatch/middleware/actionable_exceptions.rb:18:in `call'
actionpack (6.0.4.1) lib/action_dispatch/middleware/debug_exceptions.rb:32:in `call'
actionpack (6.0.4.1) lib/action_dispatch/middleware/show_exceptions.rb:33:in `call'
railties (6.0.4.1) lib/rails/rack/logger.rb:37:in `call_app'
railties (6.0.4.1) lib/rails/rack/logger.rb:26:in `block in call'
activesupport (6.0.4.1) lib/active_support/tagged_logging.rb:80:in `block in tagged'
activesupport (6.0.4.1) lib/active_support/tagged_logging.rb:28:in `tagged'
activesupport (6.0.4.1) lib/active_support/tagged_logging.rb:80:in `tagged'
railties (6.0.4.1) lib/rails/rack/logger.rb:26:in `call'
actionpack (6.0.4.1) lib/action_dispatch/middleware/remote_ip.rb:81:in `call'
actionpack (6.0.4.1) lib/action_dispatch/middleware/request_id.rb:27:in `call'
rack (2.2.3) lib/rack/runtime.rb:22:in `call'
activesupport (6.0.4.1) lib/active_support/cache/strategy/local_cache_middleware.rb:29:in `call'
actionpack (6.0.4.1) lib/action_dispatch/middleware/executor.rb:14:in `call'
actionpack (6.0.4.1) lib/action_dispatch/middleware/static.rb:126:in `call'
rack (2.2.3) lib/rack/sendfile.rb:110:in `call'
actionpack (6.0.4.1) lib/action_dispatch/middleware/host_authorization.rb:82:in `call'
rack-cors (1.1.1) lib/rack/cors.rb:100:in `call'
railties (6.0.4.1) lib/rails/engine.rb:527:in `call'
puma (4.3.8) lib/puma/configuration.rb:228:in `call'
puma (4.3.8) lib/puma/server.rb:718:in `handle_request'
puma (4.3.8) lib/puma/server.rb:472:in `process_client'
puma (4.3.8) lib/puma/server.rb:328:in `block in run'
puma (4.3.8) lib/puma/thread_pool.rb:134:in `block in spawn_thread'
Started GET "/api/users/1/" for 172.21.0.1 at 2021-10-06 12:28:03 +0900
  
ActionController::RoutingError (uninitialized constant Api::UsersController):
  
actionpack (6.0.4.1) lib/action_dispatch/http/request.rb:92:in `rescue in controller_class_for'
actionpack (6.0.4.1) lib/action_dispatch/http/request.rb:88:in `controller_class_for'
actionpack (6.0.4.1) lib/action_dispatch/http/request.rb:81:in `controller_class'
actionpack (6.0.4.1) lib/action_dispatch/routing/route_set.rb:44:in `controller'
actionpack (6.0.4.1) lib/action_dispatch/routing/route_set.rb:31:in `serve'
actionpack (6.0.4.1) lib/action_dispatch/journey/router.rb:49:in `block in serve'
actionpack (6.0.4.1) lib/action_dispatch/journey/router.rb:32:in `each'
actionpack (6.0.4.1) lib/action_dispatch/journey/router.rb:32:in `serve'
actionpack (6.0.4.1) lib/action_dispatch/routing/route_set.rb:834:in `call'
warden (1.2.9) lib/warden/manager.rb:36:in `block in call'
warden (1.2.9) lib/warden/manager.rb:34:in `catch'
warden (1.2.9) lib/warden/manager.rb:34:in `call'
rack (2.2.3) lib/rack/etag.rb:27:in `call'
rack (2.2.3) lib/rack/conditional_get.rb:27:in `call'
rack (2.2.3) lib/rack/head.rb:12:in `call'
activerecord (6.0.4.1) lib/active_record/migration.rb:567:in `call'
actionpack (6.0.4.1) lib/action_dispatch/middleware/callbacks.rb:27:in `block in call'
activesupport (6.0.4.1) lib/active_support/callbacks.rb:101:in `run_callbacks'
actionpack (6.0.4.1) lib/action_dispatch/middleware/callbacks.rb:26:in `call'
actionpack (6.0.4.1) lib/action_dispatch/middleware/executor.rb:14:in `call'
actionpack (6.0.4.1) lib/action_dispatch/middleware/actionable_exceptions.rb:18:in `call'
actionpack (6.0.4.1) lib/action_dispatch/middleware/debug_exceptions.rb:32:in `call'
actionpack (6.0.4.1) lib/action_dispatch/middleware/show_exceptions.rb:33:in `call'
railties (6.0.4.1) lib/rails/rack/logger.rb:37:in `call_app'
railties (6.0.4.1) lib/rails/rack/logger.rb:26:in `block in call'
activesupport (6.0.4.1) lib/active_support/tagged_logging.rb:80:in `block in tagged'
activesupport (6.0.4.1) lib/active_support/tagged_logging.rb:28:in `tagged'
activesupport (6.0.4.1) lib/active_support/tagged_logging.rb:80:in `tagged'
railties (6.0.4.1) lib/rails/rack/logger.rb:26:in `call'
actionpack (6.0.4.1) lib/action_dispatch/middleware/remote_ip.rb:81:in `call'
actionpack (6.0.4.1) lib/action_dispatch/middleware/request_id.rb:27:in `call'
rack (2.2.3) lib/rack/runtime.rb:22:in `call'
activesupport (6.0.4.1) lib/active_support/cache/strategy/local_cache_middleware.rb:29:in `call'
actionpack (6.0.4.1) lib/action_dispatch/middleware/executor.rb:14:in `call'
actionpack (6.0.4.1) lib/action_dispatch/middleware/static.rb:126:in `call'
rack (2.2.3) lib/rack/sendfile.rb:110:in `call'
actionpack (6.0.4.1) lib/action_dispatch/middleware/host_authorization.rb:82:in `call'
rack-cors (1.1.1) lib/rack/cors.rb:100:in `call'
railties (6.0.4.1) lib/rails/engine.rb:527:in `call'
puma (4.3.8) lib/puma/configuration.rb:228:in `call'
puma (4.3.8) lib/puma/server.rb:718:in `handle_request'
puma (4.3.8) lib/puma/server.rb:472:in `process_client'
puma (4.3.8) lib/puma/server.rb:328:in `block in run'
puma (4.3.8) lib/puma/thread_pool.rb:134:in `block in spawn_thread'
Started GET "/api/users/1/" for 172.21.0.1 at 2021-10-06 12:29:33 +0900
Processing by Api::UsersController#show as HTML
  Parameters: {"id"=>"1"}
  [1m[36mUser Load (1.1ms)[0m  [1m[34mSELECT `users`.* FROM `users` WHERE `users`.`id` = 1 LIMIT 1[0m
  ↳ app/controllers/api/users_controller.rb:11:in `show'
[active_model_serializers]   [1m[36mHolding Load (31.2ms)[0m  [1m[34mSELECT `holdings`.* FROM `holdings` WHERE `holdings`.`user_id` = 1[0m
[active_model_serializers]   ↳ app/controllers/api/users_controller.rb:12:in `show'
[active_model_serializers] Rendered UserSerializer with ActiveModelSerializers::Adapter::Attributes (129.83ms)
Completed 200 OK in 290ms (Views: 201.7ms | ActiveRecord: 79.3ms | Allocations: 14937)


Started GET "/api/users/1/" for 172.21.0.1 at 2021-10-06 12:30:06 +0900
Processing by Api::UsersController#show as HTML
  Parameters: {"id"=>"1"}
  [1m[36mUser Load (0.5ms)[0m  [1m[34mSELECT `users`.* FROM `users` WHERE `users`.`id` = 1 LIMIT 1[0m
  ↳ app/controllers/api/users_controller.rb:11:in `show'
[active_model_serializers]   [1m[36mHolding Load (0.6ms)[0m  [1m[34mSELECT `holdings`.* FROM `holdings` WHERE `holdings`.`user_id` = 1[0m
[active_model_serializers]   ↳ app/controllers/api/users_controller.rb:12:in `show'
[active_model_serializers] Rendered UserSerializer with ActiveModelSerializers::Adapter::Attributes (11.77ms)
Completed 200 OK in 27ms (Views: 10.7ms | ActiveRecord: 8.3ms | Allocations: 10390)


Started GET "/api/users/1/" for 172.21.0.1 at 2021-10-06 12:30:07 +0900
Processing by Api::UsersController#show as HTML
  Parameters: {"id"=>"1"}
  [1m[36mUser Load (2.5ms)[0m  [1m[34mSELECT `users`.* FROM `users` WHERE `users`.`id` = 1 LIMIT 1[0m
  ↳ app/controllers/api/users_controller.rb:11:in `show'
[active_model_serializers]   [1m[36mHolding Load (1.9ms)[0m  [1m[34mSELECT `holdings`.* FROM `holdings` WHERE `holdings`.`user_id` = 1[0m
[active_model_serializers]   ↳ app/controllers/api/users_controller.rb:12:in `show'
[active_model_serializers] Rendered UserSerializer with ActiveModelSerializers::Adapter::Attributes (9.28ms)
Completed 200 OK in 21ms (Views: 9.5ms | ActiveRecord: 4.4ms | Allocations: 2170)


Started GET "/api/users/1/" for 172.21.0.1 at 2021-10-06 12:30:54 +0900
  [1m[35m (2.7ms)[0m  [1m[34mSELECT `schema_migrations`.`version` FROM `schema_migrations` ORDER BY `schema_migrations`.`version` ASC[0m
Processing by Api::UsersController#show as HTML
  Parameters: {"id"=>"1"}
  [1m[36mUser Load (4.3ms)[0m  [1m[34mSELECT `users`.* FROM `users` WHERE `users`.`id` = 1 LIMIT 1[0m
  ↳ app/controllers/api/users_controller.rb:11:in `show'
[active_model_serializers] Rendered ActiveModel::Serializer::Null with User (0.28ms)
Completed 200 OK in 28ms (Views: 4.3ms | ActiveRecord: 13.7ms | Allocations: 9431)


Started GET "/api/users/1/" for 172.21.0.1 at 2021-10-06 12:31:18 +0900
  [1m[35m (2.7ms)[0m  [1m[34mSELECT `schema_migrations`.`version` FROM `schema_migrations` ORDER BY `schema_migrations`.`version` ASC[0m
Processing by Api::UsersController#show as HTML
  Parameters: {"id"=>"1"}
  [1m[36mUser Load (4.0ms)[0m  [1m[34mSELECT `users`.* FROM `users` WHERE `users`.`id` = 1 LIMIT 1[0m
  ↳ app/controllers/api/users_controller.rb:11:in `show'
[active_model_serializers] Rendered ActiveModel::Serializer::Null with User (0.29ms)
Completed 200 OK in 28ms (Views: 3.7ms | ActiveRecord: 13.4ms | Allocations: 9431)


Started GET "/api/users/1/" for 172.21.0.1 at 2021-10-06 12:31:19 +0900
Processing by Api::UsersController#show as HTML
  Parameters: {"id"=>"1"}
  [1m[36mUser Load (1.9ms)[0m  [1m[34mSELECT `users`.* FROM `users` WHERE `users`.`id` = 1 LIMIT 1[0m
  ↳ app/controllers/api/users_controller.rb:11:in `show'
[active_model_serializers] Rendered ActiveModel::Serializer::Null with User (0.53ms)
Completed 200 OK in 9ms (Views: 2.4ms | ActiveRecord: 1.9ms | Allocations: 981)


Started GET "/api/users/1/" for 172.21.0.1 at 2021-10-06 12:31:20 +0900
Processing by Api::UsersController#show as HTML
  Parameters: {"id"=>"1"}
  [1m[36mUser Load (1.6ms)[0m  [1m[34mSELECT `users`.* FROM `users` WHERE `users`.`id` = 1 LIMIT 1[0m
  ↳ app/controllers/api/users_controller.rb:11:in `show'
[active_model_serializers] Rendered ActiveModel::Serializer::Null with User (0.42ms)
Completed 200 OK in 9ms (Views: 3.0ms | ActiveRecord: 1.6ms | Allocations: 981)


Started GET "/api/users/1/" for 172.21.0.1 at 2021-10-06 12:32:16 +0900
  [1m[35m (2.6ms)[0m  [1m[34mSELECT `schema_migrations`.`version` FROM `schema_migrations` ORDER BY `schema_migrations`.`version` ASC[0m
Processing by Api::UsersController#show as HTML
  Parameters: {"id"=>"1"}
  [1m[36mUser Load (3.9ms)[0m  [1m[34mSELECT `users`.* FROM `users` WHERE `users`.`id` = 1 LIMIT 1[0m
  ↳ app/controllers/api/users_controller.rb:11:in `show'
[active_model_serializers] Rendered ActiveModel::Serializer::Null with User (0.29ms)
Completed 200 OK in 28ms (Views: 3.5ms | ActiveRecord: 13.1ms | Allocations: 9431)


Started GET "/api/users/1/" for 172.21.0.1 at 2021-10-06 12:33:00 +0900
  [1m[35m (2.6ms)[0m  [1m[34mSELECT `schema_migrations`.`version` FROM `schema_migrations` ORDER BY `schema_migrations`.`version` ASC[0m
Processing by Api::UsersController#show as HTML
  Parameters: {"id"=>"1"}
  [1m[36mUser Load (4.0ms)[0m  [1m[34mSELECT `users`.* FROM `users` WHERE `users`.`id` = 1 LIMIT 1[0m
  ↳ app/controllers/api/users_controller.rb:11:in `show'
[active_model_serializers]   [1m[36mHolding Load (4.8ms)[0m  [1m[34mSELECT `holdings`.* FROM `holdings` WHERE `holdings`.`user_id` = 1[0m
[active_model_serializers]   ↳ app/controllers/api/users_controller.rb:12:in `show'
[active_model_serializers] Rendered UserSerializer with ActiveModelSerializers::Adapter::Attributes (39.74ms)
Completed 200 OK in 112ms (Views: 71.6ms | ActiveRecord: 23.5ms | Allocations: 15308)


